<?xml version="1.0" encoding="UTF-8"?>
<!-- Generated by org.testng.reporters.JUnitReportReporter -->
<testsuite hostname="DESKTOP-M9K0K0L" failures="0" tests="1" name="day_1.day0" time="5.998" errors="0" timestamp="2023-11-01T13:55:46 IST" skipped="0">
  <testcase classname="day_1.day0" name="CreateUser" time="5.998"/>
</testsuite> <!-- day_1.day0 -->
